2025-06-13 19:31:39 INFO  Log:10 - Setting WebDriver
2025-06-13 19:31:41 INFO  Log:10 - Navigating to URL...
2025-06-13 19:31:43 INFO  Log:10 - Starting Login test...
2025-06-13 19:31:43 INFO  Log:10 - Adding Credentials
2025-06-13 19:31:43 INFO  Log:10 - Entering username
2025-06-13 19:31:44 INFO  Log:10 - Closing Browser...
2025-06-17 19:27:22 INFO  Log:10 - Setting WebDriver
2025-06-17 19:27:28 INFO  Log:10 - Navigating to URL...
2025-06-17 19:27:31 INFO  Log:10 - Starting Login test...
2025-06-17 19:27:31 INFO  Log:10 - Adding Credentials
2025-06-17 19:27:31 INFO  Log:10 - Entering username
2025-06-17 19:27:32 INFO  Log:10 - Closing Browser...
2025-06-19 21:37:48 INFO  Log:10 - Setting WebDriver
2025-06-19 21:37:59 INFO  Log:10 - Navigating to URL...
2025-06-19 21:38:01 INFO  Log:10 - Starting Login test...
2025-06-19 21:38:01 INFO  Log:10 - Adding Credentials
2025-06-19 21:38:01 INFO  Log:10 - Entering username
2025-06-19 21:38:03 INFO  Log:10 - Closing Browser...
2025-06-19 21:39:19 INFO  Log:10 - Setting WebDriver
2025-06-19 21:39:22 INFO  Log:10 - Navigating to URL...
2025-06-19 21:39:24 INFO  Log:10 - Starting Login test...
2025-06-19 21:39:24 INFO  Log:10 - Adding Credentials
2025-06-19 21:39:24 INFO  Log:10 - Entering username
2025-06-19 21:39:25 INFO  Log:10 - Closing Browser...
2025-06-20 22:13:42 INFO  Log:10 - Setting WebDriver
2025-06-20 22:13:56 INFO  Log:10 - Navigating to URL...
2025-06-20 22:13:59 INFO  Log:10 - Starting Login test...
2025-06-20 22:13:59 INFO  Log:10 - Adding Credentials
2025-06-20 22:13:59 INFO  Log:10 - Entering username
2025-06-20 22:14:00 INFO  Log:10 - Closing Browser...
2025-06-20 22:14:01 INFO  Log:10 - Setting WebDriver
2025-06-20 22:14:03 INFO  Log:10 - Navigating to URL...
2025-06-20 22:14:04 INFO  Log:10 - Starting Login test...
2025-06-20 22:14:05 INFO  Log:10 - Adding Credentials
2025-06-20 22:14:05 INFO  Log:10 - Entering username
2025-06-20 22:14:06 INFO  Log:10 - Closing Browser...
2025-06-20 22:14:06 INFO  Log:10 - Setting WebDriver
2025-06-20 22:14:07 INFO  Log:10 - Navigating to URL...
2025-06-20 22:14:09 INFO  Log:10 - Starting Login test...
2025-06-20 22:14:09 INFO  Log:10 - Adding Credentials
2025-06-20 22:14:09 INFO  Log:10 - Entering username
2025-06-20 22:14:10 INFO  Log:10 - Closing Browser...
2025-06-21 17:31:03 INFO  Log:10 - Setting WebDriver
2025-06-21 17:31:09 INFO  Log:10 - Navigating to URL...
2025-06-21 17:31:11 INFO  Log:10 - Starting Login test...
2025-06-21 17:31:11 INFO  Log:10 - Adding Credentials
2025-06-21 17:31:11 INFO  Log:10 - Entering username
2025-06-21 17:31:12 INFO  Log:10 - Closing Browser...
2025-06-21 21:31:33 INFO  Log:10 - Setting WebDriver
2025-06-21 21:31:41 INFO  Log:10 - Navigating to URL...
2025-06-21 21:31:44 INFO  Log:10 - Starting Login test...
2025-06-21 21:31:44 INFO  Log:10 - Adding Credentials
2025-06-21 21:31:44 INFO  Log:10 - Entering username
2025-06-21 21:31:45 INFO  Log:10 - Closing Browser...
2025-06-21 21:31:45 INFO  Log:10 - Setting WebDriver
2025-06-21 21:31:48 INFO  Log:10 - Navigating to URL...
2025-06-21 21:31:49 INFO  Log:10 - Starting Login test...
2025-06-21 21:31:49 INFO  Log:10 - Adding Credentials
2025-06-21 21:31:49 INFO  Log:10 - Entering username
2025-06-21 21:31:50 INFO  Log:10 - Closing Browser...
2025-06-21 21:31:50 INFO  Log:10 - Setting WebDriver
2025-06-21 21:31:52 INFO  Log:10 - Navigating to URL...
2025-06-21 21:31:54 INFO  Log:10 - Starting Login test...
2025-06-21 21:31:54 INFO  Log:10 - Adding Credentials
2025-06-21 21:31:54 INFO  Log:10 - Entering username
2025-06-21 21:31:55 INFO  Log:10 - Closing Browser...
